(0000) 3000  0011000000000000 (   1)                 .ORIG x3000
(3000) E001  1110000000000001 (   6)                 LEA   R0 WELCOME_MSG
(3001) F022  1111000000100010 (   7)                 TRAP  x22
(3002) 0045  0000000001000101 (   8) WELCOME_MSG     .FILL x0045
(3003) 006E  0000000001101110 (   8)                 .FILL x006E
(3004) 0074  0000000001110100 (   8)                 .FILL x0074
(3005) 0065  0000000001100101 (   8)                 .FILL x0065
(3006) 0072  0000000001110010 (   8)                 .FILL x0072
(3007) 0020  0000000000100000 (   8)                 .FILL x0020
(3008) 0035  0000000000110101 (   8)                 .FILL x0035
(3009) 0020  0000000000100000 (   8)                 .FILL x0020
(300A) 0054  0000000001010100 (   8)                 .FILL x0054
(300B) 0065  0000000001100101 (   8)                 .FILL x0065
(300C) 0073  0000000001110011 (   8)                 .FILL x0073
(300D) 0074  0000000001110100 (   8)                 .FILL x0074
(300E) 0020  0000000000100000 (   8)                 .FILL x0020
(300F) 0053  0000000001010011 (   8)                 .FILL x0053
(3010) 0063  0000000001100011 (   8)                 .FILL x0063
(3011) 006F  0000000001101111 (   8)                 .FILL x006F
(3012) 0072  0000000001110010 (   8)                 .FILL x0072
(3013) 0065  0000000001100101 (   8)                 .FILL x0065
(3014) 0073  0000000001110011 (   8)                 .FILL x0073
(3015) 0020  0000000000100000 (   8)                 .FILL x0020
(3016) 0028  0000000000101000 (   8)                 .FILL x0028
(3017) 0030  0000000000110000 (   8)                 .FILL x0030
(3018) 0020  0000000000100000 (   8)                 .FILL x0020
(3019) 002D  0000000000101101 (   8)                 .FILL x002D
(301A) 0020  0000000000100000 (   8)                 .FILL x0020
(301B) 0039  0000000000111001 (   8)                 .FILL x0039
(301C) 0039  0000000000111001 (   8)                 .FILL x0039
(301D) 0029  0000000000101001 (   8)                 .FILL x0029
(301E) 003A  0000000000111010 (   8)                 .FILL x003A
(301F) 0020  0000000000100000 (   8)                 .FILL x0020
(3020) 0000  0000000000000000 (   8)                 .FILL x0000
(3021) 2078  0010000001111000 (  11)                 LD    R0 NEWLINE
(3022) F021  1111000000100001 (  12)                 TRAP  x21
(3023) E0A2  1110000010100010 (  17)                 LEA   R0 SCORE1_MSG
(3024) F022  1111000000100010 (  18)                 TRAP  x22
(3025) 48D7  0100100011010111 (  19)                 JSR   READ_SCORE
(3026) EC88  1110110010001000 (  20)                 LEA   R6 SCORE_ARRAY
(3027) 7780  0111011110000000 (  21)                 STR   R3 R6 #0
(3028) 2071  0010000001110001 (  22)                 LD    R0 NEWLINE
(3029) F021  1111000000100001 (  23)                 TRAP  x21
(302A) E0A5  1110000010100101 (  26)                 LEA   R0 SCORE2_MSG
(302B) F022  1111000000100010 (  27)                 TRAP  x22
(302C) 48D0  0100100011010000 (  28)                 JSR   READ_SCORE
(302D) EC81  1110110010000001 (  29)                 LEA   R6 SCORE_ARRAY
(302E) 7781  0111011110000001 (  30)                 STR   R3 R6 #1
(302F) 206A  0010000001101010 (  31)                 LD    R0 NEWLINE
(3030) F021  1111000000100001 (  32)                 TRAP  x21
(3031) E0A8  1110000010101000 (  35)                 LEA   R0 SCORE3_MSG
(3032) F022  1111000000100010 (  36)                 TRAP  x22
(3033) 48C9  0100100011001001 (  37)                 JSR   READ_SCORE
(3034) EC7A  1110110001111010 (  38)                 LEA   R6 SCORE_ARRAY
(3035) 7782  0111011110000010 (  39)                 STR   R3 R6 #2
(3036) 2063  0010000001100011 (  40)                 LD    R0 NEWLINE
(3037) F021  1111000000100001 (  41)                 TRAP  x21
(3038) E0AB  1110000010101011 (  44)                 LEA   R0 SCORE4_MSG
(3039) F022  1111000000100010 (  45)                 TRAP  x22
(303A) 48C2  0100100011000010 (  46)                 JSR   READ_SCORE
(303B) EC73  1110110001110011 (  47)                 LEA   R6 SCORE_ARRAY
(303C) 7783  0111011110000011 (  48)                 STR   R3 R6 #3
(303D) 205C  0010000001011100 (  49)                 LD    R0 NEWLINE
(303E) F021  1111000000100001 (  50)                 TRAP  x21
(303F) E0AE  1110000010101110 (  53)                 LEA   R0 SCORE5_MSG
(3040) F022  1111000000100010 (  54)                 TRAP  x22
(3041) 48BB  0100100010111011 (  55)                 JSR   READ_SCORE
(3042) EC6C  1110110001101100 (  56)                 LEA   R6 SCORE_ARRAY
(3043) 7784  0111011110000100 (  57)                 STR   R3 R6 #4
(3044) 2055  0010000001010101 (  58)                 LD    R0 NEWLINE
(3045) F021  1111000000100001 (  59)                 TRAP  x21
(3046) 2258  0010001001011000 (  64) CALC_MIN        LD    R1 TOTAL_SCORES
(3047) E467  1110010001100111 (  65)                 LEA   R2 SCORE_ARRAY
(3048) 2866  0010100001100110 (  66)                 LD    R4 SCORE_ARRAY
(3049) 3858  0011100001011000 (  67)                 ST    R4 MIN_SCORE
(304A) 14A1  0001010010100001 (  68)                 ADD   R2 R2 #1
(304B) 127F  0001001001111111 (  69)                 ADD   R1 R1 #-1
(304C) 6A80  0110101010000000 (  72) LOOP_MIN        LDR   R5 R2 #0
(304D) 993F  1001100100111111 (  73)                 NOT   R4 R4
(304E) 1921  0001100100100001 (  74)                 ADD   R4 R4 #1
(304F) 1B44  0001101101000100 (  75)                 ADD   R5 R5 R4
(3050) 0854  0000100001010100 (  76)                 BRN   SKIP_MIN_UPDATE
(3051) 14A1  0001010010100001 (  78)                 ADD   R2 R2 #1
(3052) 285C  0010100001011100 (  79)                 LD    R4 SCORE_ARRAY
(3053) 5B60  0101101101100000 (  80)                 AND   R5 R5 #0
(3054) 127F  0001001001111111 (  81)                 ADD   R1 R1 #-1
(3055) 03F6  0000001111110110 (  82)                 BRP   LOOP_MIN
(3056) E05D  1110000001011101 (  85)                 LEA   R0 MIN_LABEL
(3057) F022  1111000000100010 (  86)                 TRAP  x22
(3058) 2649  0010011001001001 (  87)                 LD    R3 MIN_SCORE
(3059) 5260  0101001001100000 (  88)                 AND   R1 R1 #0
(305A) 48B5  0100100010110101 (  89)                 JSR   PRINT_INT
(305B) 203F  0010000000111111 (  90)                 LD    R0 SPACE
(305C) F021  1111000000100001 (  91)                 TRAP  x21
(305D) 4915  0100100100010101 (  92)                 JSR   GET_LETTER_GRADE
(305E) 48D4  0100100011010100 (  93)                 JSR   STACK_POP
(305F) 203B  0010000000111011 (  94)                 LD    R0 SPACE
(3060) F021  1111000000100001 (  95)                 TRAP  x21
(3061) 493B  0100100100111011 (  97)                 JSR   CLEAR_REGS
(3062) 2037  0010000000110111 (  98)                 LD    R0 NEWLINE
(3063) F021  1111000000100001 (  99)                 TRAP  x21
(3064) 223A  0010001000111010 ( 104) CALC_MAX        LD    R1 TOTAL_SCORES
(3065) E449  1110010001001001 ( 105)                 LEA   R2 SCORE_ARRAY
(3066) 2848  0010100001001000 ( 106)                 LD    R4 SCORE_ARRAY
(3067) 3839  0011100000111001 ( 107)                 ST    R4 MAX_SCORE
(3068) 14A1  0001010010100001 ( 108)                 ADD   R2 R2 #1
(3069) 6A80  0110101010000000 ( 111) LOOP_MAX        LDR   R5 R2 #0
(306A) 993F  1001100100111111 ( 112)                 NOT   R4 R4
(306B) 1921  0001100100100001 ( 113)                 ADD   R4 R4 #1
(306C) 1B44  0001101101000100 ( 114)                 ADD   R5 R5 R4
(306D) 023C  0000001000111100 ( 115)                 BRP   SKIP_MAX_UPDATE
(306E) E04B  1110000001001011 ( 118)                 LEA   R0 MAX_LABEL
(306F) F022  1111000000100010 ( 119)                 TRAP  x22
(3070) 2630  0010011000110000 ( 120)                 LD    R3 MAX_SCORE
(3071) 5260  0101001001100000 ( 121)                 AND   R1 R1 #0
(3072) 489D  0100100010011101 ( 122)                 JSR   PRINT_INT
(3073) 2027  0010000000100111 ( 123)                 LD    R0 SPACE
(3074) F021  1111000000100001 ( 124)                 TRAP  x21
(3075) 48FD  0100100011111101 ( 125)                 JSR   GET_LETTER_GRADE
(3076) 48BC  0100100010111100 ( 126)                 JSR   STACK_POP
(3077) 2023  0010000000100011 ( 127)                 LD    R0 SPACE
(3078) F021  1111000000100001 ( 128)                 TRAP  x21
(3079) 2020  0010000000100000 ( 130)                 LD    R0 NEWLINE
(307A) F021  1111000000100001 ( 131)                 TRAP  x21
(307B) 4921  0100100100100001 ( 132)                 JSR   CLEAR_REGS
(307C) 2222  0010001000100010 ( 137) CALC_AVG        LD    R1 TOTAL_SCORES
(307D) E431  1110010000110001 ( 138)                 LEA   R2 SCORE_ARRAY
(307E) 56E0  0101011011100000 ( 139)                 AND   R3 R3 #0
(307F) 6880  0110100010000000 ( 142) SUM_LOOP        LDR   R4 R2 #0
(3080) 16C4  0001011011000100 ( 143)                 ADD   R3 R3 R4
(3081) 14A1  0001010010100001 ( 144)                 ADD   R2 R2 #1
(3082) 127F  0001001001111111 ( 145)                 ADD   R1 R1 #-1
(3083) 03FB  0000001111111011 ( 146)                 BRP   SUM_LOOP
(3084) 221A  0010001000011010 ( 148)                 LD    R1 TOTAL_SCORES
(3085) 927F  1001001001111111 ( 149)                 NOT   R1 R1
(3086) 1261  0001001001100001 ( 150)                 ADD   R1 R1 #1
(3087) 18E0  0001100011100000 ( 151)                 ADD   R4 R3 #0
(3088) 1920  0001100100100000 ( 154) DIV_LOOP        ADD   R4 R4 #0
(3089) 0C03  0000110000000011 ( 155)                 BRNZ  DONE_AVG
(308A) 1DA1  0001110110100001 ( 156)                 ADD   R6 R6 #1
(308B) 1901  0001100100000001 ( 157)                 ADD   R4 R4 R1
(308C) 03FB  0000001111111011 ( 158)                 BRP   DIV_LOOP
(308D) 3C16  0011110000010110 ( 161) DONE_AVG        ST    R6 AVERAGE_SCORE
(308E) E031  1110000000110001 ( 164)                 LEA   R0 AVG_LABEL
(308F) F022  1111000000100010 ( 165)                 TRAP  x22
(3090) 56E0  0101011011100000 ( 166)                 AND   R3 R3 #0
(3091) 5260  0101001001100000 ( 167)                 AND   R1 R1 #0
(3092) 5920  0101100100100000 ( 168)                 AND   R4 R4 #0
(3093) 16C6  0001011011000110 ( 169)                 ADD   R3 R3 R6
(3094) 487B  0100100001111011 ( 170)                 JSR   PRINT_INT
(3095) 2005  0010000000000101 ( 171)                 LD    R0 SPACE
(3096) F021  1111000000100001 ( 172)                 TRAP  x21
(3097) 48DB  0100100011011011 ( 173)                 JSR   GET_LETTER_GRADE
(3098) 489A  0100100010011010 ( 174)                 JSR   STACK_POP
(3099) F025  1111000000100101 ( 176)                 TRAP  x25
(309A) 000A  0000000000001010 ( 181) NEWLINE         .FILL x000A
(309B) 0020  0000000000100000 ( 182) SPACE           .FILL x0020
(309C) FFD0  1111111111010000 ( 183) ASCII_OFFSET_NEG .FILL xFFD0
(309D) 0030  0000000000110000 ( 184) ASCII_OFFSET_POS .FILL x0030
(309E) FFE2  1111111111100010 ( 185) ASCII_OFFSET_30 .FILL xFFE2
(309F) 0005  0000000000000101 ( 186) TOTAL_SCORES    .FILL x0005
(30A0) 3000  0011000000000000 ( 187) RESTART_ADDR    .FILL x3000
(30A1) 0000  0000000000000000 ( 190) MAX_SCORE       .FILL x0000
(30A2) 0000  0000000000000000 ( 191) MIN_SCORE       .FILL x0000
(30A3) 0000  0000000000000000 ( 192) AVG_DONE_FLAG   .FILL x0000
(30A4) 0000  0000000000000000 ( 195) AVERAGE_SCORE   .FILL x0000
(30A5) 6880  0110100010000000 ( 196) SKIP_MIN_UPDATE LDR   R4 R2 #0
(30A6) 39FB  0011100111111011 ( 197)                 ST    R4 MIN_SCORE
(30A7) 14A1  0001010010100001 ( 198)                 ADD   R2 R2 #1
(30A8) 127F  0001001001111111 ( 199)                 ADD   R1 R1 #-1
(30A9) 0FA2  0000111110100010 ( 200)                 BRNZP LOOP_MIN
(30AA) 6880  0110100010000000 ( 203) SKIP_MAX_UPDATE LDR   R4 R2 #0
(30AB) 39F5  0011100111110101 ( 204)                 ST    R4 MAX_SCORE
(30AC) 14A1  0001010010100001 ( 205)                 ADD   R2 R2 #1
(30AD) 127F  0001001001111111 ( 206)                 ADD   R1 R1 #-1
(30AE) 03BA  0000001110111010 ( 207)                 BRP   LOOP_MAX
(30AF) 0000  0000000000000000 ( 211) SCORE_ARRAY     .FILL x0000
(30B0) 0000  0000000000000000 ( 211)                 .FILL x0000
(30B1) 0000  0000000000000000 ( 211)                 .FILL x0000
(30B2) 0000  0000000000000000 ( 211)                 .FILL x0000
(30B3) 0000  0000000000000000 ( 211)                 .FILL x0000
(30B4) 004D  0000000001001101 ( 211) MIN_LABEL       .FILL x004D
(30B5) 0049  0000000001001001 ( 211)                 .FILL x0049
(30B6) 004E  0000000001001110 ( 211)                 .FILL x004E
(30B7) 003A  0000000000111010 ( 211)                 .FILL x003A
(30B8) 0020  0000000000100000 ( 211)                 .FILL x0020
(30B9) 0000  0000000000000000 ( 211)                 .FILL x0000
(30BA) 004D  0000000001001101 ( 212) MAX_LABEL       .FILL x004D
(30BB) 0041  0000000001000001 ( 212)                 .FILL x0041
(30BC) 0058  0000000001011000 ( 212)                 .FILL x0058
(30BD) 003A  0000000000111010 ( 212)                 .FILL x003A
(30BE) 0020  0000000000100000 ( 212)                 .FILL x0020
(30BF) 0000  0000000000000000 ( 212)                 .FILL x0000
(30C0) 0041  0000000001000001 ( 213) AVG_LABEL       .FILL x0041
(30C1) 0056  0000000001010110 ( 213)                 .FILL x0056
(30C2) 0047  0000000001000111 ( 213)                 .FILL x0047
(30C3) 003A  0000000000111010 ( 213)                 .FILL x003A
(30C4) 0020  0000000000100000 ( 213)                 .FILL x0020
(30C5) 0000  0000000000000000 ( 213)                 .FILL x0000
(30C6) 0053  0000000001010011 ( 216) SCORE1_MSG      .FILL x0053
(30C7) 0063  0000000001100011 ( 216)                 .FILL x0063
(30C8) 006F  0000000001101111 ( 216)                 .FILL x006F
(30C9) 0072  0000000001110010 ( 216)                 .FILL x0072
(30CA) 0065  0000000001100101 ( 216)                 .FILL x0065
(30CB) 0020  0000000000100000 ( 216)                 .FILL x0020
(30CC) 0031  0000000000110001 ( 216)                 .FILL x0031
(30CD) 003A  0000000000111010 ( 216)                 .FILL x003A
(30CE) 0020  0000000000100000 ( 216)                 .FILL x0020
(30CF) 0000  0000000000000000 ( 216)                 .FILL x0000
(30D0) 0053  0000000001010011 ( 217) SCORE2_MSG      .FILL x0053
(30D1) 0063  0000000001100011 ( 217)                 .FILL x0063
(30D2) 006F  0000000001101111 ( 217)                 .FILL x006F
(30D3) 0072  0000000001110010 ( 217)                 .FILL x0072
(30D4) 0065  0000000001100101 ( 217)                 .FILL x0065
(30D5) 0020  0000000000100000 ( 217)                 .FILL x0020
(30D6) 0032  0000000000110010 ( 217)                 .FILL x0032
(30D7) 003A  0000000000111010 ( 217)                 .FILL x003A
(30D8) 0020  0000000000100000 ( 217)                 .FILL x0020
(30D9) 0000  0000000000000000 ( 217)                 .FILL x0000
(30DA) 0053  0000000001010011 ( 218) SCORE3_MSG      .FILL x0053
(30DB) 0063  0000000001100011 ( 218)                 .FILL x0063
(30DC) 006F  0000000001101111 ( 218)                 .FILL x006F
(30DD) 0072  0000000001110010 ( 218)                 .FILL x0072
(30DE) 0065  0000000001100101 ( 218)                 .FILL x0065
(30DF) 0020  0000000000100000 ( 218)                 .FILL x0020
(30E0) 0033  0000000000110011 ( 218)                 .FILL x0033
(30E1) 003A  0000000000111010 ( 218)                 .FILL x003A
(30E2) 0020  0000000000100000 ( 218)                 .FILL x0020
(30E3) 0000  0000000000000000 ( 218)                 .FILL x0000
(30E4) 0053  0000000001010011 ( 219) SCORE4_MSG      .FILL x0053
(30E5) 0063  0000000001100011 ( 219)                 .FILL x0063
(30E6) 006F  0000000001101111 ( 219)                 .FILL x006F
(30E7) 0072  0000000001110010 ( 219)                 .FILL x0072
(30E8) 0065  0000000001100101 ( 219)                 .FILL x0065
(30E9) 0020  0000000000100000 ( 219)                 .FILL x0020
(30EA) 0034  0000000000110100 ( 219)                 .FILL x0034
(30EB) 003A  0000000000111010 ( 219)                 .FILL x003A
(30EC) 0020  0000000000100000 ( 219)                 .FILL x0020
(30ED) 0000  0000000000000000 ( 219)                 .FILL x0000
(30EE) 0053  0000000001010011 ( 220) SCORE5_MSG      .FILL x0053
(30EF) 0063  0000000001100011 ( 220)                 .FILL x0063
(30F0) 006F  0000000001101111 ( 220)                 .FILL x006F
(30F1) 0072  0000000001110010 ( 220)                 .FILL x0072
(30F2) 0065  0000000001100101 ( 220)                 .FILL x0065
(30F3) 0020  0000000000100000 ( 220)                 .FILL x0020
(30F4) 0035  0000000000110101 ( 220)                 .FILL x0035
(30F5) 003A  0000000000111010 ( 220)                 .FILL x003A
(30F6) 0020  0000000000100000 ( 220)                 .FILL x0020
(30F7) 0000  0000000000000000 ( 220)                 .FILL x0000
(30F8) 0000  0000000000000000 ( 222) RET_SLOT_1      .FILL x0000
(30F9) 0000  0000000000000000 ( 223) RET_SLOT_2      .FILL x0000
(30FA) 0000  0000000000000000 ( 224) RET_SLOT_3      .FILL x0000
(30FB) 0000  0000000000000000 ( 225) RET_SLOT_4      .FILL x0000
(30FC) 0000  0000000000000000 ( 226) RET_SLOT_5      .FILL x0000
(30FD) 3FFA  0011111111111010 ( 231) READ_SCORE      ST    R7 RET_SLOT_1
(30FE) 489E  0100100010011110 ( 232)                 JSR   CLEAR_REGS
(30FF) 299C  0010100110011100 ( 233)                 LD    R4 ASCII_OFFSET_NEG
(3100) F020  1111000000100000 ( 235)                 TRAP  x20
(3101) F021  1111000000100001 ( 236)                 TRAP  x21
(3102) 1220  0001001000100000 ( 237)                 ADD   R1 R0 #0
(3103) 1244  0001001001000100 ( 238)                 ADD   R1 R1 R4
(3104) 14AA  0001010010101010 ( 239)                 ADD   R2 R2 #10
(3105) 16C1  0001011011000001 ( 242) MULTIPLY_10     ADD   R3 R3 R1
(3106) 14BF  0001010010111111 ( 243)                 ADD   R2 R2 #-1
(3107) 03FD  0000001111111101 ( 244)                 BRP   MULTIPLY_10
(3108) F020  1111000000100000 ( 246)                 TRAP  x20
(3109) F021  1111000000100001 ( 247)                 TRAP  x21
(310A) 1004  0001000000000100 ( 248)                 ADD   R0 R0 R4
(310B) 16C0  0001011011000000 ( 249)                 ADD   R3 R3 R0
(310C) 218E  0010000110001110 ( 251)                 LD    R0 SPACE
(310D) F021  1111000000100001 ( 252)                 TRAP  x21
(310E) 2FE9  0010111111101001 ( 254)                 LD    R7 RET_SLOT_1
(310F) C1C0  1100000111000000 ( 255)                 RET   
(3110) 3FE7  0011111111100111 ( 261) PRINT_INT       ST    R7 RET_SLOT_1
(3111) 2B8B  0010101110001011 ( 262)                 LD    R5 ASCII_OFFSET_POS
(3112) 18E0  0001100011100000 ( 263)                 ADD   R4 R3 #0
(3113) 1261  0001001001100001 ( 266) DIVIDE_10       ADD   R1 R1 #1
(3114) 1936  0001100100110110 ( 267)                 ADD   R4 R4 #-10
(3115) 03FD  0000001111111101 ( 268)                 BRP   DIVIDE_10
(3116) 127F  0001001001111111 ( 270)                 ADD   R1 R1 #-1
(3117) 192A  0001100100101010 ( 271)                 ADD   R4 R4 #10
(3118) 1D36  0001110100110110 ( 272)                 ADD   R6 R4 #-10
(3119) 0A02  0000101000000010 ( 273)                 BRNP  PRINT_POS
(311A) 1261  0001001001100001 ( 276) PRINT_NEG       ADD   R1 R1 #1
(311B) 1936  0001100100110110 ( 277)                 ADD   R4 R4 #-10
(311C) 3209  0011001000001001 ( 280) PRINT_POS       ST    R1 QUOTIENT
(311D) 3809  0011100000001001 ( 281)                 ST    R4 REMAINDER
(311E) 2007  0010000000000111 ( 283)                 LD    R0 QUOTIENT
(311F) 1005  0001000000000101 ( 284)                 ADD   R0 R0 R5
(3120) F021  1111000000100001 ( 285)                 TRAP  x21
(3121) 2005  0010000000000101 ( 287)                 LD    R0 REMAINDER
(3122) 1005  0001000000000101 ( 288)                 ADD   R0 R0 R5
(3123) F021  1111000000100001 ( 289)                 TRAP  x21
(3124) 2FD3  0010111111010011 ( 291)                 LD    R7 RET_SLOT_1
(3125) C1C0  1100000111000000 ( 292)                 RET   
(3126) 0000  0000000000000000 ( 294) QUOTIENT        .FILL x0000
(3127) 0000  0000000000000000 ( 295) REMAINDER       .FILL x0000
(3128) 3FD0  0011111111010000 ( 301) STACK_PUSH      ST    R7 RET_SLOT_2
(3129) 4873  0100100001110011 ( 302)                 JSR   CLEAR_REGS
(312A) 2C07  0010110000000111 ( 303)                 LD    R6 STACK_PTR
(312B) 1DA0  0001110110100000 ( 304)                 ADD   R6 R6 #0
(312C) 0C43  0000110001000011 ( 305)                 BRNZ  STACK_ERROR
(312D) 1DBF  0001110110111111 ( 307)                 ADD   R6 R6 #-1
(312E) 7180  0111000110000000 ( 308)                 STR   R0 R6 #0
(312F) 3C02  0011110000000010 ( 309)                 ST    R6 STACK_PTR
(3130) 2FC8  0010111111001000 ( 310)                 LD    R7 RET_SLOT_2
(3131) C1C0  1100000111000000 ( 311)                 RET   
(3132) 4000  0100000000000000 ( 313) STACK_PTR       .FILL x4000
(3133) 2DFE  0010110111111110 ( 316) STACK_POP       LD    R6 STACK_PTR
(3134) 33C7  0011001111000111 ( 317)                 ST    R1 RET_SLOT_5
(3135) 220C  0010001000001100 ( 318)                 LD    R1 STACK_BASE
(3136) 1246  0001001001000110 ( 319)                 ADD   R1 R1 R6
(3137) 0638  0000011000111000 ( 320)                 BRZP  STACK_ERROR
(3138) 23C3  0010001111000011 ( 322)                 LD    R1 RET_SLOT_5
(3139) 6180  0110000110000000 ( 324)                 LDR   R0 R6 #0
(313A) 3FC0  0011111111000000 ( 325)                 ST    R7 RET_SLOT_4
(313B) F021  1111000000100001 ( 326)                 TRAP  x21
(313C) 215E  0010000101011110 ( 327)                 LD    R0 SPACE
(313D) F021  1111000000100001 ( 328)                 TRAP  x21
(313E) 1DA1  0001110110100001 ( 329)                 ADD   R6 R6 #1
(313F) 3DF2  0011110111110010 ( 330)                 ST    R6 STACK_PTR
(3140) 2FBA  0010111110111010 ( 331)                 LD    R7 RET_SLOT_4
(3141) C1C0  1100000111000000 ( 332)                 RET   
(3142) C000  1100000000000000 ( 334) STACK_BASE      .FILL xC000
(3143) 0053  0000000001010011 ( 335) STACK_ERROR_MSG .FILL x0053
(3144) 0054  0000000001010100 ( 335)                 .FILL x0054
(3145) 0041  0000000001000001 ( 335)                 .FILL x0041
(3146) 0043  0000000001000011 ( 335)                 .FILL x0043
(3147) 004B  0000000001001011 ( 335)                 .FILL x004B
(3148) 0020  0000000000100000 ( 335)                 .FILL x0020
(3149) 0055  0000000001010101 ( 335)                 .FILL x0055
(314A) 004E  0000000001001110 ( 335)                 .FILL x004E
(314B) 0044  0000000001000100 ( 335)                 .FILL x0044
(314C) 0045  0000000001000101 ( 335)                 .FILL x0045
(314D) 0052  0000000001010010 ( 335)                 .FILL x0052
(314E) 0046  0000000001000110 ( 335)                 .FILL x0046
(314F) 004C  0000000001001100 ( 335)                 .FILL x004C
(3150) 004F  0000000001001111 ( 335)                 .FILL x004F
(3151) 0057  0000000001010111 ( 335)                 .FILL x0057
(3152) 0020  0000000000100000 ( 335)                 .FILL x0020
(3153) 004F  0000000001001111 ( 335)                 .FILL x004F
(3154) 0052  0000000001010010 ( 335)                 .FILL x0052
(3155) 0020  0000000000100000 ( 335)                 .FILL x0020
(3156) 004F  0000000001001111 ( 335)                 .FILL x004F
(3157) 0056  0000000001010110 ( 335)                 .FILL x0056
(3158) 0045  0000000001000101 ( 335)                 .FILL x0045
(3159) 0052  0000000001010010 ( 335)                 .FILL x0052
(315A) 0046  0000000001000110 ( 335)                 .FILL x0046
(315B) 004C  0000000001001100 ( 335)                 .FILL x004C
(315C) 004F  0000000001001111 ( 335)                 .FILL x004F
(315D) 0057  0000000001010111 ( 335)                 .FILL x0057
(315E) 002E  0000000000101110 ( 335)                 .FILL x002E
(315F) 0020  0000000000100000 ( 335)                 .FILL x0020
(3160) 0048  0000000001001000 ( 335)                 .FILL x0048
(3161) 0041  0000000001000001 ( 335)                 .FILL x0041
(3162) 004C  0000000001001100 ( 335)                 .FILL x004C
(3163) 0054  0000000001010100 ( 335)                 .FILL x0054
(3164) 0049  0000000001001001 ( 335)                 .FILL x0049
(3165) 004E  0000000001001110 ( 335)                 .FILL x004E
(3166) 0047  0000000001000111 ( 335)                 .FILL x0047
(3167) 0020  0000000000100000 ( 335)                 .FILL x0020
(3168) 0050  0000000001010000 ( 335)                 .FILL x0050
(3169) 0052  0000000001010010 ( 335)                 .FILL x0052
(316A) 004F  0000000001001111 ( 335)                 .FILL x004F
(316B) 0047  0000000001000111 ( 335)                 .FILL x0047
(316C) 0052  0000000001010010 ( 335)                 .FILL x0052
(316D) 0041  0000000001000001 ( 335)                 .FILL x0041
(316E) 004D  0000000001001101 ( 335)                 .FILL x004D
(316F) 0000  0000000000000000 ( 335)                 .FILL x0000
(3170) E1D2  1110000111010010 ( 338) STACK_ERROR     LEA   R0 STACK_ERROR_MSG
(3171) F022  1111000000100010 ( 339)                 TRAP  x22
(3172) F025  1111000000100101 ( 340)                 TRAP  x25
(3173) 54A0  0101010010100000 ( 346) GET_LETTER_GRADE AND   R2 R2 #0
(3174) 201E  0010000000011110 ( 349) CHECK_A         LD    R0 A_THRESHOLD
(3175) 221E  0010001000011110 ( 350)                 LD    R1 A_CHAR
(3176) 14C0  0001010011000000 ( 351)                 ADD   R2 R3 R0
(3177) 0615  0000011000010101 ( 352)                 BRZP  STORE_GRADE
(3178) 54A0  0101010010100000 ( 355) CHECK_B         AND   R2 R2 #0
(3179) 201B  0010000000011011 ( 356)                 LD    R0 B_THRESHOLD
(317A) 221B  0010001000011011 ( 357)                 LD    R1 B_CHAR
(317B) 14C0  0001010011000000 ( 358)                 ADD   R2 R3 R0
(317C) 0610  0000011000010000 ( 359)                 BRZP  STORE_GRADE
(317D) 54A0  0101010010100000 ( 362) CHECK_C         AND   R2 R2 #0
(317E) 2018  0010000000011000 ( 363)                 LD    R0 C_THRESHOLD
(317F) 2218  0010001000011000 ( 364)                 LD    R1 C_CHAR
(3180) 14C0  0001010011000000 ( 365)                 ADD   R2 R3 R0
(3181) 060B  0000011000001011 ( 366)                 BRZP  STORE_GRADE
(3182) 54A0  0101010010100000 ( 369) CHECK_D         AND   R2 R2 #0
(3183) 2015  0010000000010101 ( 370)                 LD    R0 D_THRESHOLD
(3184) 2215  0010001000010101 ( 371)                 LD    R1 D_CHAR
(3185) 14C0  0001010011000000 ( 372)                 ADD   R2 R3 R0
(3186) 0606  0000011000000110 ( 373)                 BRZP  STORE_GRADE
(3187) 54A0  0101010010100000 ( 376) CHECK_F         AND   R2 R2 #0
(3188) 2012  0010000000010010 ( 377)                 LD    R0 F_THRESHOLD
(3189) 2212  0010001000010010 ( 378)                 LD    R1 F_CHAR
(318A) 14C0  0001010011000000 ( 379)                 ADD   R2 R3 R0
(318B) 0E01  0000111000000001 ( 380)                 BRNZP STORE_GRADE
(318C) C1C0  1100000111000000 ( 382)                 RET   
(318D) 3F6A  0011111101101010 ( 385) STORE_GRADE     ST    R7 RET_SLOT_1
(318E) 5020  0101000000100000 ( 386)                 AND   R0 R0 #0
(318F) 1060  0001000001100000 ( 387)                 ADD   R0 R1 #0
(3190) 4F97  0100111110010111 ( 388)                 JSR   STACK_PUSH
(3191) 2F66  0010111101100110 ( 389)                 LD    R7 RET_SLOT_1
(3192) C1C0  1100000111000000 ( 390)                 RET   
(3193) FFA6  1111111110100110 ( 393) A_THRESHOLD     .FILL xFFA6
(3194) 0041  0000000001000001 ( 394) A_CHAR          .FILL x0041
(3195) FFB0  1111111110110000 ( 396) B_THRESHOLD     .FILL xFFB0
(3196) 0042  0000000001000010 ( 397) B_CHAR          .FILL x0042
(3197) FFBA  1111111110111010 ( 399) C_THRESHOLD     .FILL xFFBA
(3198) 0043  0000000001000011 ( 400) C_CHAR          .FILL x0043
(3199) FFC4  1111111111000100 ( 402) D_THRESHOLD     .FILL xFFC4
(319A) 0044  0000000001000100 ( 403) D_CHAR          .FILL x0044
(319B) FFCE  1111111111001110 ( 405) F_THRESHOLD     .FILL xFFCE
(319C) 0046  0000000001000110 ( 406) F_CHAR          .FILL x0046
(319D) 5260  0101001001100000 ( 412) CLEAR_REGS      AND   R1 R1 #0
(319E) 54A0  0101010010100000 ( 413)                 AND   R2 R2 #0
(319F) 56E0  0101011011100000 ( 414)                 AND   R3 R3 #0
(31A0) 5920  0101100100100000 ( 415)                 AND   R4 R4 #0
(31A1) 5B60  0101101101100000 ( 416)                 AND   R5 R5 #0
(31A2) 5DA0  0101110110100000 ( 417)                 AND   R6 R6 #0
(31A3) C1C0  1100000111000000 ( 418)                 RET   
